C:\量化交易系統\core\models_transformer.py:75: UserWarning: enable_nested_tensor is True, but self.use_nested_tensor is False because encoder_layer.norm_first was True
  self.encoder = nn.TransformerEncoder(enc_layer, num_layers=int(n_layers))
Traceback (most recent call last):
  File "<frozen runpy>", line 198, in _run_module_as_main
  File "<frozen runpy>", line 88, in _run_code
  File "C:\量化交易系統\core\worker_run.py", line 70, in <module>
    raise SystemExit(main())
                     ^^^^^^
  File "C:\量化交易系統\core\worker_run.py", line 52, in main
    run_experiment(run_id=run_id, run_spec=rs, registry=reg, progress_cb=None, prepared_samples_path=prepared)
  File "C:\量化交易系統\core\runner.py", line 349, in run_experiment
    out = pl.DataFrame(
          ^^^^^^^^^^^^^
  File "C:\Users\admin\miniconda3_qtsys\envs\qtsys\Lib\site-packages\polars\dataframe\frame.py", line 382, in __init__
    self._df = dict_to_pydf(
               ^^^^^^^^^^^^^
  File "C:\Users\admin\miniconda3_qtsys\envs\qtsys\Lib\site-packages\polars\_utils\construction\dataframe.py", line 170, in dict_to_pydf
    pydf = PyDataFrame(data_series)
           ^^^^^^^^^^^^^^^^^^^^^^^^
polars.exceptions.ShapeError: could not create a new DataFrame: height of column 'asset' (5842) does not match height of column 'timestamp' (52578)
